<?xml version="1.0"?>
<!--Phoronix Test Suite v5.0.1 (Khanino)-->
<PhoronixTestSuite>
  <TestInformation>
    <Title>AF_ping</Title>
    <AppVersion>0.1.0</AppVersion>
    <Description>This test does a simple ping and records the results</Description>
    <ResultScale>milliseconds</ResultScale>
    <Proportion>LIB</Proportion>
    <SubTitle>Ping Latency Test</SubTitle>
    <TimesToRun>3</TimesToRun>
  </TestInformation>
  <TestProfile>
    <Version>0.1.0</Version>
    <SupportedPlatforms>Linux, Solaris, BSD, MacOSX</SupportedPlatforms>
    <SoftwareType>Utility</SoftwareType>
    <TestType>Network</TestType>
    <License>Free</License>
    <Status>Verified</Status>
    <ExternalDependencies></ExternalDependencies>
    <EnvironmentSize>1</EnvironmentSize>
    <ProjectURL></ProjectURL>
    <Maintainer>James Gartrell</Maintainer>
  </TestProfile>
  <TestSettings>
    <Default>
      <AllowCacheShare>FALSE</AllowCacheShare>
    </Default>
    <Option>
      <DisplayName>Type</DisplayName>
      <Identifier>run-type</Identifier>
      <Menu>
        <Entry>
          <Name>www.google.com</Name>
          <Value>-c 10 www.google.com</Value>
        </Entry>
        <Entry>
          <Name>www.facebook.com</Name>
          <Value>-c 10 www.facebook.com</Value>
        </Entry>
      </Menu>
    </Option>
  </TestSettings>
</PhoronixTestSuite>
