<?xml version="1.0"?>
<!--Phoronix Test Suite v5.0.1 (Khanino)-->
<PhoronixTestSuite>
  <TestInformation>
    <Title>AF_OpenSSL</Title>
    <AppVersion>1.0.1g</AppVersion>
    <Description>OpenSSL is an open-source toolkit that implements SSL (Secure Sockets Layer) and TLS (Transport Layer Security) protocols. This test measures the AES 128-bit CBC performance of OpenSSL at 1K block sizes.</Description>
    <ResultScale>KBytes per second</ResultScale>
    <Proportion>HIB</Proportion>
    <SubTitle>AES 128-bit CBC Performance</SubTitle>
    <TimesToRun>6</TimesToRun>
  </TestInformation>
  <TestProfile>
    <Version>1.9.0</Version>
    <SupportedPlatforms>Linux, Solaris, BSD, MacOSX</SupportedPlatforms>
    <SoftwareType>Utility</SoftwareType>
    <TestType>Processor</TestType>
    <License>Free</License>
    <Status>Verified</Status>
    <ExternalDependencies>build-utilities</ExternalDependencies>
    <EnvironmentSize>69</EnvironmentSize>
    <ProjectURL>http://www.openssl.org/</ProjectURL>
    <Maintainer>James Gartrell</Maintainer>
  </TestProfile>
  <TestSettings>
    <Default>
      <AllowCacheShare>FALSE</AllowCacheShare>
    </Default>
    <Option>
      <DisplayName>Type</DisplayName>
      <Identifier>run-type</Identifier>
      <Menu>
        <Entry>
          <Name>Standard</Name>
          <Value>-std</Value>
        </Entry>
        <Entry>
          <Name>AES-NI (using EVP)</Name>
          <Value>-evp</Value>
        </Entry>
      </Menu>
    </Option>
  </TestSettings>
</PhoronixTestSuite>
